<?xml version="1.0" encoding="UTF-8"?>
<testng-results skipped="0" failed="0" ignored="0" total="1" passed="1">
  <reporter-output>
  </reporter-output>
  <suite name="Suite" duration-ms="57850" started-at="2022-01-26T13:26:02 IST" finished-at="2022-01-26T13:26:59 IST">
    <groups>
    </groups>
    <test name="Classic CRMPRO Application Test" duration-ms="57850" started-at="2022-01-26T13:26:02 IST" finished-at="2022-01-26T13:26:59 IST">
      <class name="com.classCRM.testCases.TC_LoginTest_001">
        <test-method status="PASS" signature="setup(java.lang.String)[pri:0, instance:com.classCRM.testCases.TC_LoginTest_001@10bdf5e5]" name="setup" is-config="true" duration-ms="48877" started-at="2022-01-26T13:26:05 IST" finished-at="2022-01-26T13:26:54 IST">
          <params>
            <param index="0">
              <value>
                <![CDATA[chrome]]>
              </value>
            </param>
          </params>
          <reporter-output>
          </reporter-output>
        </test-method> <!-- setup -->
        <test-method status="PASS" signature="loginTest()[pri:0, instance:com.classCRM.testCases.TC_LoginTest_001@10bdf5e5]" name="loginTest" duration-ms="4112" started-at="2022-01-26T13:26:54 IST" finished-at="2022-01-26T13:26:58 IST">
          <reporter-output>
          </reporter-output>
        </test-method> <!-- loginTest -->
        <test-method status="PASS" signature="tearDown()[pri:0, instance:com.classCRM.testCases.TC_LoginTest_001@10bdf5e5]" name="tearDown" is-config="true" duration-ms="1531" started-at="2022-01-26T13:26:58 IST" finished-at="2022-01-26T13:26:59 IST">
          <reporter-output>
          </reporter-output>
        </test-method> <!-- tearDown -->
      </class> <!-- com.classCRM.testCases.TC_LoginTest_001 -->
    </test> <!-- Classic CRMPRO Application Test -->
  </suite> <!-- Suite -->
</testng-results>
